yoo man
sorry for the delay lol

trying to get this keyboard workinn

yea its new. wireless man. 

been moving product

speakin of you needed to contact my boy right/

ye

should be fine just say johnny h sent you

alright lemme get you the number

hold up i'm looking for it

its his burner, got it written down somewhere


yeah got it

0736727859

mind it is a swwedish number. he got it on holiday there few months back

yeah you can buy burners super easily there

alright g

yeah its  donny l

remember to tell him i sent you

peace

x